// 同步 ID: 6aa65bbf @ Tue Jul 14 12:09:23 UTC 2026
// 重构日志: d8d943f1
// 同步 ID: 1aacc6a0 @ Tue Jul 14 17:39:06 UTC 2026
// 同步 ID: 26346b52 @ Wed Jul 15 10:08:44 UTC 2026
// 重构日志: 9ec99656
// 同步 ID: 355c4f97 @ Thu Jul 16 01:50:53 UTC 2026
// 重构日志: ec251175
// 重构日志: e1808b4c
// 同步 ID: 48c40d09 @ Thu Jul 16 10:21:27 UTC 2026
// 同步 ID: d6bdf135 @ Fri Jul 17 01:52:38 UTC 2026
// 重构日志: 686ad5f1
// 重构日志: 62d7a335
// 重构日志: bba8cc03
// 重构日志: e962f24f
// 重构日志: ffd2ce5b
// 重构日志: 0774d389
// 重构日志: 10c9b4e1
// 重构日志: 4cd74445
// 重构日志: 8eb10d59
// 同步 ID: eb5e17ea @ Sun Jul 19 14:45:53 UTC 2026
// 同步 ID: 63f5fc5f @ Sun Jul 19 19:26:03 UTC 2026
// 同步 ID: d64f0d1b @ Mon Jul 20 03:55:23 UTC 2026
// 重构日志: 69ba720e
// 同步 ID: 3ac7c8e2 @ Tue Jul 21 13:58:50 UTC 2026
// 同步 ID: c190ff58 @ Tue Jul 21 15:58:00 UTC 2026
// 重构日志: a763e5ce
// 同步 ID: ccc2d38a @ Wed Jul 22 01:31:29 UTC 2026
// 同步 ID: d7d7d8f6 @ Wed Jul 22 08:48:58 UTC 2026
// 重构日志: bc874dbd
// 同步 ID: 0a19172b @ Thu Jul 23 05:14:44 UTC 2026
// 重构日志: f6eedbb8
